android/plugins_build_output/location/intermediates/manifest_merge_blame_file/debug/manifest-merger-blame-debug-report.txt
1<?xml version="1.0" encoding="utf-8"?>
2<manifest xmlns:android="http://schemas.android.com/apk/res/android"
3    package="com.lyokone.location" >
4
5    <uses-sdk
6        android:minSdkVersion="21"
6-->src\main\AndroidManifest.xml
7        android:targetSdkVersion="21" />
7-->src\main\AndroidManifest.xml
8
9    <uses-permission android:name="android.permission.ACCESS_COARSE_LOCATION" />
9-->src\main\AndroidManifest.xml:3:5-81
9-->src\main\AndroidManifest.xml:3:22-78
10    <uses-permission android:name="android.permission.ACCESS_FINE_LOCATION" />
10-->src\main\AndroidManifest.xml:4:5-79
10-->src\main\AndroidManifest.xml:4:22-76
11
12    <application>
12-->src\main\AndroidManifest.xml:6:5-12:19
13        <service
13-->src\main\AndroidManifest.xml:7:9-11:53
14            android:name="com.lyokone.location.FlutterLocationService"
14-->src\main\AndroidManifest.xml:11:13-51
15            android:enabled="true"
15-->src\main\AndroidManifest.xml:8:13-35
16            android:exported="false"
16-->src\main\AndroidManifest.xml:9:13-37
17            android:foregroundServiceType="location" />
17-->src\main\AndroidManifest.xml:10:13-53
18    </application>
19
20</manifest>